2025-04-28 03:00:35.903 GMT [49] LOG:  starting PostgreSQL 17.4 (Debian 17.4-1.pgdg120+2) on arm-unknown-linux-gnueabihf, compiled by gcc (Debian 12.2.0-14) 12.2.0, 32-bit
2025-04-28 03:00:35.916 GMT [49] LOG:  listening on Unix socket "/var/run/postgresql/.s.PGSQL.5432"
2025-04-28 03:00:35.943 GMT [53] LOG:  database system was shut down at 2025-04-28 03:00:33 GMT
2025-04-28 03:00:35.980 GMT [49] LOG:  database system is ready to accept connections
2025-04-28 03:00:36.722 GMT [49] LOG:  received fast shutdown request
2025-04-28 03:00:36.732 GMT [49] LOG:  aborting any active transactions
2025-04-28 03:00:36.736 GMT [49] LOG:  background worker "logical replication launcher" (PID 56) exited with exit code 1
2025-04-28 03:00:36.740 GMT [51] LOG:  shutting down
2025-04-28 03:00:36.744 GMT [51] LOG:  checkpoint starting: shutdown immediate
2025-04-28 03:00:37.381 GMT [51] LOG:  checkpoint complete: wrote 928 buffers (5.7%); 0 WAL file(s) added, 0 removed, 0 recycled; write=0.533 s, sync=0.086 s, total=0.641 s; sync files=306, longest=0.021 s, average=0.001 s; distance=4262 kB, estimate=4262 kB; lsn=0/190DE38, redo lsn=0/190DE38
2025-04-28 03:00:37.393 GMT [49] LOG:  database system is shut down
2025-04-28 03:00:37.483 GMT [1] LOG:  starting PostgreSQL 17.4 (Debian 17.4-1.pgdg120+2) on arm-unknown-linux-gnueabihf, compiled by gcc (Debian 12.2.0-14) 12.2.0, 32-bit
2025-04-28 03:00:37.484 GMT [1] LOG:  listening on IPv4 address "0.0.0.0", port 5432
2025-04-28 03:00:37.484 GMT [1] LOG:  listening on IPv6 address "::", port 5432
2025-04-28 03:00:37.496 GMT [1] LOG:  listening on Unix socket "/var/run/postgresql/.s.PGSQL.5432"
2025-04-28 03:00:37.510 GMT [69] LOG:  database system was shut down at 2025-04-28 03:00:37 GMT
2025-04-28 03:00:37.525 GMT [1] LOG:  database system is ready to accept connections
2025-04-28 03:05:37.575 GMT [67] LOG:  checkpoint starting: time
2025-04-28 03:05:40.444 GMT [67] LOG:  checkpoint complete: wrote 31 buffers (0.2%); 0 WAL file(s) added, 0 removed, 0 recycled; write=2.822 s, sync=0.024 s, total=2.869 s; sync files=19, longest=0.019 s, average=0.002 s; distance=99 kB, estimate=99 kB; lsn=0/1926CF8, redo lsn=0/1926CA0
2025-04-28 03:07:08.140 GMT [1] LOG:  received fast shutdown request
2025-04-28 03:07:08.152 GMT [1] LOG:  aborting any active transactions
2025-04-28 03:07:08.156 GMT [1] LOG:  background worker "logical replication launcher" (PID 72) exited with exit code 1
2025-04-28 03:07:08.164 GMT [67] LOG:  shutting down
2025-04-28 03:07:08.169 GMT [67] LOG:  checkpoint starting: shutdown immediate
2025-04-28 03:07:08.205 GMT [67] LOG:  checkpoint complete: wrote 11 buffers (0.1%); 0 WAL file(s) added, 0 removed, 0 recycled; write=0.010 s, sync=0.007 s, total=0.042 s; sync files=9, longest=0.006 s, average=0.001 s; distance=28 kB, estimate=92 kB; lsn=0/192DF50, redo lsn=0/192DF50
2025-04-28 03:07:08.216 GMT [1] LOG:  database system is shut down
2025-04-28 03:17:37.374 GMT [1] LOG:  starting PostgreSQL 17.4 (Debian 17.4-1.pgdg120+2) on arm-unknown-linux-gnueabihf, compiled by gcc (Debian 12.2.0-14) 12.2.0, 32-bit
2025-04-28 03:17:37.374 GMT [1] LOG:  listening on IPv4 address "0.0.0.0", port 5432
2025-04-28 03:17:37.375 GMT [1] LOG:  listening on IPv6 address "::", port 5432
2025-04-28 03:17:37.398 GMT [1] LOG:  listening on Unix socket "/var/run/postgresql/.s.PGSQL.5432"
2025-04-28 03:17:37.423 GMT [31] LOG:  database system was shut down at 2025-04-28 03:07:08 GMT
2025-04-28 03:17:37.443 GMT [1] LOG:  database system is ready to accept connections
2025-04-28 03:20:56.270 GMT [1] LOG:  received fast shutdown request
2025-04-28 03:20:56.275 GMT [1] LOG:  aborting any active transactions
2025-04-28 03:20:56.280 GMT [1] LOG:  background worker "logical replication launcher" (PID 34) exited with exit code 1
2025-04-28 03:20:56.280 GMT [29] LOG:  shutting down
2025-04-28 03:20:56.284 GMT [29] LOG:  checkpoint starting: shutdown immediate
2025-04-28 03:20:56.317 GMT [29] LOG:  checkpoint complete: wrote 4 buffers (0.0%); 0 WAL file(s) added, 0 removed, 0 recycled; write=0.009 s, sync=0.006 s, total=0.038 s; sync files=3, longest=0.003 s, average=0.002 s; distance=0 kB, estimate=0 kB; lsn=0/192E018, redo lsn=0/192E018
2025-04-28 03:20:56.326 GMT [1] LOG:  database system is shut down
2025-04-28 03:20:59.511 GMT [1] LOG:  starting PostgreSQL 17.4 (Debian 17.4-1.pgdg120+2) on arm-unknown-linux-gnueabihf, compiled by gcc (Debian 12.2.0-14) 12.2.0, 32-bit
2025-04-28 03:20:59.511 GMT [1] LOG:  listening on IPv4 address "0.0.0.0", port 5432
2025-04-28 03:20:59.511 GMT [1] LOG:  listening on IPv6 address "::", port 5432
2025-04-28 03:20:59.534 GMT [1] LOG:  listening on Unix socket "/var/run/postgresql/.s.PGSQL.5432"
2025-04-28 03:20:59.555 GMT [31] LOG:  database system was shut down at 2025-04-28 03:20:56 GMT
2025-04-28 03:20:59.572 GMT [1] LOG:  database system is ready to accept connections
2025-04-28 03:21:52.071 GMT [1] LOG:  received fast shutdown request
2025-04-28 03:21:52.095 GMT [1] LOG:  aborting any active transactions
2025-04-28 03:21:52.100 GMT [1] LOG:  background worker "logical replication launcher" (PID 34) exited with exit code 1
2025-04-28 03:21:52.101 GMT [29] LOG:  shutting down
2025-04-28 03:21:52.122 GMT [29] LOG:  checkpoint starting: shutdown immediate
2025-04-28 03:21:52.261 GMT [29] LOG:  checkpoint complete: wrote 3 buffers (0.0%); 0 WAL file(s) added, 0 removed, 0 recycled; write=0.041 s, sync=0.010 s, total=0.160 s; sync files=2, longest=0.006 s, average=0.005 s; distance=0 kB, estimate=0 kB; lsn=0/192E0C8, redo lsn=0/192E0C8
2025-04-28 03:21:52.270 GMT [1] LOG:  database system is shut down
2025-04-28 03:21:56.565 GMT [1] LOG:  starting PostgreSQL 17.4 (Debian 17.4-1.pgdg120+2) on arm-unknown-linux-gnueabihf, compiled by gcc (Debian 12.2.0-14) 12.2.0, 32-bit
2025-04-28 03:21:56.566 GMT [1] LOG:  listening on IPv4 address "0.0.0.0", port 5432
2025-04-28 03:21:56.566 GMT [1] LOG:  listening on IPv6 address "::", port 5432
2025-04-28 03:21:56.585 GMT [1] LOG:  listening on Unix socket "/var/run/postgresql/.s.PGSQL.5432"
2025-04-28 03:21:56.608 GMT [30] LOG:  database system was shut down at 2025-04-28 03:21:52 GMT
2025-04-28 03:21:56.629 GMT [1] LOG:  database system is ready to accept connections
2025-04-28 03:23:52.844 GMT [1] LOG:  received fast shutdown request
2025-04-28 03:23:52.857 GMT [1] LOG:  aborting any active transactions
2025-04-28 03:23:52.861 GMT [1] LOG:  background worker "logical replication launcher" (PID 33) exited with exit code 1
2025-04-28 03:23:52.861 GMT [28] LOG:  shutting down
2025-04-28 03:23:52.867 GMT [28] LOG:  checkpoint starting: shutdown immediate
2025-04-28 03:23:52.894 GMT [28] LOG:  checkpoint complete: wrote 3 buffers (0.0%); 0 WAL file(s) added, 0 removed, 0 recycled; write=0.008 s, sync=0.003 s, total=0.034 s; sync files=2, longest=0.002 s, average=0.002 s; distance=0 kB, estimate=0 kB; lsn=0/192E178, redo lsn=0/192E178
2025-04-28 03:23:52.903 GMT [1] LOG:  database system is shut down
2025-04-28 03:23:56.101 GMT [1] LOG:  starting PostgreSQL 17.4 (Debian 17.4-1.pgdg120+2) on arm-unknown-linux-gnueabihf, compiled by gcc (Debian 12.2.0-14) 12.2.0, 32-bit
2025-04-28 03:23:56.101 GMT [1] LOG:  listening on IPv4 address "0.0.0.0", port 5432
2025-04-28 03:23:56.101 GMT [1] LOG:  listening on IPv6 address "::", port 5432
2025-04-28 03:23:56.119 GMT [1] LOG:  listening on Unix socket "/var/run/postgresql/.s.PGSQL.5432"
2025-04-28 03:23:56.139 GMT [30] LOG:  database system was shut down at 2025-04-28 03:23:52 GMT
2025-04-28 03:23:56.160 GMT [1] LOG:  database system is ready to accept connections
2025-04-28 03:24:33.809 GMT [1] LOG:  received fast shutdown request
2025-04-28 03:24:33.816 GMT [1] LOG:  aborting any active transactions
2025-04-28 03:24:33.821 GMT [1] LOG:  background worker "logical replication launcher" (PID 33) exited with exit code 1
2025-04-28 03:24:33.821 GMT [28] LOG:  shutting down
2025-04-28 03:24:33.825 GMT [28] LOG:  checkpoint starting: shutdown immediate
2025-04-28 03:24:33.853 GMT [28] LOG:  checkpoint complete: wrote 3 buffers (0.0%); 0 WAL file(s) added, 0 removed, 0 recycled; write=0.008 s, sync=0.003 s, total=0.032 s; sync files=2, longest=0.002 s, average=0.002 s; distance=0 kB, estimate=0 kB; lsn=0/192E228, redo lsn=0/192E228
2025-04-28 03:24:33.862 GMT [1] LOG:  database system is shut down
2025-04-28 03:24:37.178 GMT [1] LOG:  starting PostgreSQL 17.4 (Debian 17.4-1.pgdg120+2) on arm-unknown-linux-gnueabihf, compiled by gcc (Debian 12.2.0-14) 12.2.0, 32-bit
2025-04-28 03:24:37.178 GMT [1] LOG:  listening on IPv4 address "0.0.0.0", port 5432
2025-04-28 03:24:37.178 GMT [1] LOG:  listening on IPv6 address "::", port 5432
2025-04-28 03:24:37.195 GMT [1] LOG:  listening on Unix socket "/var/run/postgresql/.s.PGSQL.5432"
2025-04-28 03:24:37.213 GMT [31] LOG:  database system was shut down at 2025-04-28 03:24:33 GMT
2025-04-28 03:24:37.230 GMT [1] LOG:  database system is ready to accept connections
2025-04-28 03:27:44.983 GMT [1] LOG:  received fast shutdown request
2025-04-28 03:27:44.990 GMT [1] LOG:  aborting any active transactions
2025-04-28 03:27:44.994 GMT [1] LOG:  background worker "logical replication launcher" (PID 34) exited with exit code 1
2025-04-28 03:27:44.997 GMT [29] LOG:  shutting down
2025-04-28 03:27:45.001 GMT [29] LOG:  checkpoint starting: shutdown immediate
2025-04-28 03:27:45.030 GMT [29] LOG:  checkpoint complete: wrote 3 buffers (0.0%); 0 WAL file(s) added, 0 removed, 0 recycled; write=0.009 s, sync=0.003 s, total=0.034 s; sync files=2, longest=0.002 s, average=0.002 s; distance=0 kB, estimate=0 kB; lsn=0/192E2D8, redo lsn=0/192E2D8
2025-04-28 03:27:45.039 GMT [1] LOG:  database system is shut down
2025-04-28 03:27:48.243 GMT [1] LOG:  starting PostgreSQL 17.4 (Debian 17.4-1.pgdg120+2) on arm-unknown-linux-gnueabihf, compiled by gcc (Debian 12.2.0-14) 12.2.0, 32-bit
2025-04-28 03:27:48.244 GMT [1] LOG:  listening on IPv4 address "0.0.0.0", port 5432
2025-04-28 03:27:48.244 GMT [1] LOG:  listening on IPv6 address "::", port 5432
2025-04-28 03:27:48.262 GMT [1] LOG:  listening on Unix socket "/var/run/postgresql/.s.PGSQL.5432"
2025-04-28 03:27:48.283 GMT [31] LOG:  database system was shut down at 2025-04-28 03:27:45 GMT
2025-04-28 03:27:48.303 GMT [1] LOG:  database system is ready to accept connections
2025-04-28 03:30:14.328 GMT [1] LOG:  received fast shutdown request
2025-04-28 03:30:14.334 GMT [1] LOG:  aborting any active transactions
2025-04-28 03:30:14.338 GMT [1] LOG:  background worker "logical replication launcher" (PID 34) exited with exit code 1
2025-04-28 03:30:14.338 GMT [29] LOG:  shutting down
2025-04-28 03:30:14.345 GMT [29] LOG:  checkpoint starting: shutdown immediate
2025-04-28 03:30:14.384 GMT [29] LOG:  checkpoint complete: wrote 3 buffers (0.0%); 0 WAL file(s) added, 0 removed, 0 recycled; write=0.015 s, sync=0.003 s, total=0.046 s; sync files=2, longest=0.002 s, average=0.002 s; distance=0 kB, estimate=0 kB; lsn=0/192E388, redo lsn=0/192E388
2025-04-28 03:30:14.392 GMT [1] LOG:  database system is shut down
